<?xml version="1.0" encoding="UTF-8"?>
<testng-results skipped="0" failed="0" ignored="0" total="1" passed="1">
  <reporter-output>
  </reporter-output>
  <suite name="Default suite" duration-ms="31323" started-at="2020-09-13T01:39:52 AEST" finished-at="2020-09-13T01:40:24 AEST">
    <groups>
    </groups>
    <test name="Default test" duration-ms="31323" started-at="2020-09-13T01:39:52 AEST" finished-at="2020-09-13T01:40:24 AEST">
      <class name="Quote.Car_Quote">
        <test-method status="PASS" signature="setup()[pri:0, instance:Quote.Car_Quote@1d371b2d]" name="setup" is-config="true" duration-ms="10292" started-at="2020-09-13T01:39:52 AEST" finished-at="2020-09-13T01:40:03 AEST">
          <reporter-output>
          </reporter-output>
        </test-method> <!-- setup -->
        <test-method status="PASS" signature="Poncho_CarQuote()[pri:0, instance:Quote.Car_Quote@1d371b2d]" name="Poncho_CarQuote" duration-ms="20996" started-at="2020-09-13T01:40:03 AEST" finished-at="2020-09-13T01:40:24 AEST">
          <reporter-output>
          </reporter-output>
        </test-method> <!-- Poncho_CarQuote -->
        <test-method status="PASS" signature="Teardown()[pri:0, instance:Quote.Car_Quote@1d371b2d]" name="Teardown" is-config="true" duration-ms="0" started-at="2020-09-13T01:40:24 AEST" finished-at="2020-09-13T01:40:24 AEST">
          <reporter-output>
          </reporter-output>
        </test-method> <!-- Teardown -->
      </class> <!-- Quote.Car_Quote -->
    </test> <!-- Default test -->
  </suite> <!-- Default suite -->
</testng-results>
